{"/home/will/Documentos/Proyectos/serverless-indra-project/src/createItemDB.ts": {"path":"/home/will/Documentos/Proyectos/serverless-indra-project/src/createItemDB.ts","statementMap":{"0":{"start":{"line":2,"column":0},"end":{"line":2,"column":47}},"1":{"start":{"line":3,"column":0},"end":{"line":3,"column":46}},"2":{"start":{"line":5,"column":28},"end":{"line":25,"column":1}},"3":{"start":{"line":7,"column":4},"end":{"line":24,"column":5}},"4":{"start":{"line":8,"column":28},"end":{"line":8,"column":48}},"5":{"start":{"line":9,"column":23},"end":{"line":9,"column":55}},"6":{"start":{"line":10,"column":32},"end":{"line":10,"column":65}},"7":{"start":{"line":11,"column":8},"end":{"line":11,"column":47}},"8":{"start":{"line":14,"column":8},"end":{"line":17,"column":null}},"9":{"start":{"line":20,"column":8},"end":{"line":23,"column":10}},"10":{"start":{"line":5,"column":13},"end":{"line":5,"column":28}}},"fnMap":{"0":{"name":"(anonymous_0)","decl":{"start":{"line":5,"column":28},"end":{"line":5,"column":33}},"loc":{"start":{"line":5,"column":76},"end":{"line":25,"column":1}}}},"branchMap":{"0":{"loc":{"start":{"line":10,"column":32},"end":{"line":10,"column":65}},"type":"binary-expr","locations":[{"start":{"line":10,"column":32},"end":{"line":10,"column":56}},{"start":{"line":10,"column":60},"end":{"line":10,"column":65}}]}},"s":{"0":1,"1":1,"2":1,"3":1,"4":1,"5":1,"6":1,"7":1,"8":1,"9":0,"10":1},"f":{"0":1},"b":{"0":[1,0]}}
,"/home/will/Documentos/Proyectos/serverless-indra-project/src/getItemDB.ts": {"path":"/home/will/Documentos/Proyectos/serverless-indra-project/src/getItemDB.ts","statementMap":{"0":{"start":{"line":1,"column":0},"end":{"line":1,"column":35}},"1":{"start":{"line":2,"column":0},"end":{"line":2,"column":44}},"2":{"start":{"line":4,"column":25},"end":{"line":29,"column":1}},"3":{"start":{"line":6,"column":4},"end":{"line":28,"column":5}},"4":{"start":{"line":7,"column":28},"end":{"line":7,"column":48}},"5":{"start":{"line":8,"column":32},"end":{"line":8,"column":65}},"6":{"start":{"line":9,"column":25},"end":{"line":9,"column":67}},"7":{"start":{"line":11,"column":8},"end":{"line":16,"column":9}},"8":{"start":{"line":12,"column":16},"end":{"line":15,"column":18}},"9":{"start":{"line":18,"column":8},"end":{"line":21,"column":null}},"10":{"start":{"line":24,"column":8},"end":{"line":27,"column":10}},"11":{"start":{"line":4,"column":13},"end":{"line":4,"column":25}}},"fnMap":{"0":{"name":"(anonymous_0)","decl":{"start":{"line":4,"column":25},"end":{"line":4,"column":30}},"loc":{"start":{"line":4,"column":41},"end":{"line":29,"column":1}}}},"branchMap":{"0":{"loc":{"start":{"line":8,"column":32},"end":{"line":8,"column":65}},"type":"binary-expr","locations":[{"start":{"line":8,"column":32},"end":{"line":8,"column":56}},{"start":{"line":8,"column":60},"end":{"line":8,"column":65}}]},"1":{"loc":{"start":{"line":11,"column":8},"end":{"line":16,"column":9}},"type":"if","locations":[{"start":{"line":11,"column":8},"end":{"line":16,"column":9}}]}},"s":{"0":1,"1":1,"2":1,"3":2,"4":2,"5":2,"6":2,"7":2,"8":1,"9":1,"10":0,"11":1},"f":{"0":2},"b":{"0":[2,0],"1":[1]}}
,"/home/will/Documentos/Proyectos/serverless-indra-project/src/helpers/index.ts": {"path":"/home/will/Documentos/Proyectos/serverless-indra-project/src/helpers/index.ts","statementMap":{"0":{"start":{"line":1,"column":0},"end":{"line":1,"column":31}}},"fnMap":{},"branchMap":{},"s":{"0":2},"f":{},"b":{}}
,"/home/will/Documentos/Proyectos/serverless-indra-project/src/helpers/translations.ts": {"path":"/home/will/Documentos/Proyectos/serverless-indra-project/src/helpers/translations.ts","statementMap":{"0":{"start":{"line":1,"column":13},"end":{"line":69,"column":2}},"1":{"start":{"line":71,"column":13},"end":{"line":78,"column":null}}},"fnMap":{},"branchMap":{},"s":{"0":2,"1":2},"f":{},"b":{}}
,"/home/will/Documentos/Proyectos/serverless-indra-project/src/services/dynamoDBService.ts": {"path":"/home/will/Documentos/Proyectos/serverless-indra-project/src/services/dynamoDBService.ts","statementMap":{"0":{"start":{"line":1,"column":0},"end":{"line":1,"column":56}},"1":{"start":{"line":2,"column":0},"end":{"line":2,"column":85}},"2":{"start":{"line":4,"column":15},"end":{"line":4,"column":37}},"3":{"start":{"line":5,"column":18},"end":{"line":5,"column":53}},"4":{"start":{"line":7,"column":23},"end":{"line":14,"column":1}},"5":{"start":{"line":8,"column":20},"end":{"line":11,"column":6}},"6":{"start":{"line":13,"column":4},"end":{"line":13,"column":41}},"7":{"start":{"line":7,"column":13},"end":{"line":7,"column":23}},"8":{"start":{"line":16,"column":23},"end":{"line":25,"column":1}},"9":{"start":{"line":17,"column":20},"end":{"line":22,"column":6}},"10":{"start":{"line":24,"column":4},"end":{"line":24,"column":null}},"11":{"start":{"line":16,"column":13},"end":{"line":16,"column":23}}},"fnMap":{"0":{"name":"(anonymous_0)","decl":{"start":{"line":7,"column":23},"end":{"line":7,"column":28}},"loc":{"start":{"line":7,"column":76},"end":{"line":14,"column":1}}},"1":{"name":"(anonymous_1)","decl":{"start":{"line":16,"column":23},"end":{"line":16,"column":28}},"loc":{"start":{"line":16,"column":77},"end":{"line":25,"column":1}}}},"branchMap":{},"s":{"0":2,"1":2,"2":2,"3":2,"4":2,"5":1,"6":1,"7":2,"8":2,"9":2,"10":2,"11":2},"f":{"0":1,"1":2},"b":{}}
,"/home/will/Documentos/Proyectos/serverless-indra-project/src/services/index.ts": {"path":"/home/will/Documentos/Proyectos/serverless-indra-project/src/services/index.ts","statementMap":{"0":{"start":{"line":1,"column":0},"end":{"line":1,"column":31}},"1":{"start":{"line":2,"column":0},"end":{"line":2,"column":34}}},"fnMap":{},"branchMap":{},"s":{"0":2,"1":2},"f":{},"b":{}}
,"/home/will/Documentos/Proyectos/serverless-indra-project/src/services/swapiService.ts": {"path":"/home/will/Documentos/Proyectos/serverless-indra-project/src/services/swapiService.ts","statementMap":{"0":{"start":{"line":1,"column":0},"end":{"line":1,"column":26}},"1":{"start":{"line":2,"column":0},"end":{"line":2,"column":40}},"2":{"start":{"line":4,"column":23},"end":{"line":4,"column":51}},"3":{"start":{"line":7,"column":24},"end":{"line":28,"column":1}},"4":{"start":{"line":9,"column":4},"end":{"line":25,"column":5}},"5":{"start":{"line":10,"column":25},"end":{"line":10,"column":77}},"6":{"start":{"line":11,"column":28},"end":{"line":11,"column":47}},"7":{"start":{"line":13,"column":32},"end":{"line":13,"column":34}},"8":{"start":{"line":15,"column":8},"end":{"line":18,"column":9}},"9":{"start":{"line":16,"column":34},"end":{"line":16,"column":50}},"10":{"start":{"line":17,"column":12},"end":{"line":17,"column":81}},"11":{"start":{"line":20,"column":8},"end":{"line":20,"column":27}},"12":{"start":{"line":22,"column":8},"end":{"line":22,"column":26}},"13":{"start":{"line":24,"column":8},"end":{"line":24,"column":79}},"14":{"start":{"line":7,"column":13},"end":{"line":7,"column":24}}},"fnMap":{"0":{"name":"(anonymous_1)","decl":{"start":{"line":7,"column":24},"end":{"line":7,"column":29}},"loc":{"start":{"line":7,"column":74},"end":{"line":28,"column":1}}}},"branchMap":{"0":{"loc":{"start":{"line":17,"column":23},"end":{"line":17,"column":58}},"type":"cond-expr","locations":[{"start":{"line":17,"column":39},"end":{"line":17,"column":52}},{"start":{"line":17,"column":55},"end":{"line":17,"column":58}}]}},"s":{"0":2,"1":2,"2":2,"3":2,"4":1,"5":1,"6":1,"7":1,"8":1,"9":8,"10":8,"11":1,"12":1,"13":0,"14":2},"f":{"0":1},"b":{"0":[8,0]}}
}
