TN:
SF:src/createItemDB.ts
FN:5,(anonymous_0)
FNF:1
FNH:1
FNDA:1,(anonymous_0)
DA:2,1
DA:3,1
DA:5,1
DA:7,1
DA:8,1
DA:9,1
DA:10,1
DA:11,1
DA:14,1
DA:20,0
LF:10
LH:9
BRDA:10,0,0,1
BRDA:10,0,1,0
BRF:2
BRH:1
end_of_record
TN:
SF:src/getItemDB.ts
FN:4,(anonymous_0)
FNF:1
FNH:1
FNDA:2,(anonymous_0)
DA:1,1
DA:2,1
DA:4,1
DA:6,2
DA:7,2
DA:8,2
DA:9,2
DA:11,2
DA:12,1
DA:18,1
DA:24,0
LF:11
LH:10
BRDA:8,0,0,2
BRDA:8,0,1,0
BRDA:11,1,0,1
BRF:3
BRH:2
end_of_record
TN:
SF:src/helpers/index.ts
FNF:0
FNH:0
DA:1,2
LF:1
LH:1
BRF:0
BRH:0
end_of_record
TN:
SF:src/helpers/translations.ts
FNF:0
FNH:0
DA:1,2
DA:71,2
LF:2
LH:2
BRF:0
BRH:0
end_of_record
TN:
SF:src/services/dynamoDBService.ts
FN:7,(anonymous_0)
FN:16,(anonymous_1)
FNF:2
FNH:2
FNDA:1,(anonymous_0)
FNDA:2,(anonymous_1)
DA:1,2
DA:2,2
DA:4,2
DA:5,2
DA:7,2
DA:8,1
DA:13,1
DA:16,2
DA:17,2
DA:24,2
LF:10
LH:10
BRF:0
BRH:0
end_of_record
TN:
SF:src/services/index.ts
FNF:0
FNH:0
DA:1,2
DA:2,2
LF:2
LH:2
BRF:0
BRH:0
end_of_record
TN:
SF:src/services/swapiService.ts
FN:7,(anonymous_1)
FNF:1
FNH:1
FNDA:1,(anonymous_1)
DA:1,2
DA:2,2
DA:4,2
DA:7,2
DA:9,1
DA:10,1
DA:11,1
DA:13,1
DA:15,1
DA:16,8
DA:17,8
DA:20,1
DA:22,1
DA:24,0
LF:14
LH:13
BRDA:17,0,0,8
BRDA:17,0,1,0
BRF:2
BRH:1
end_of_record
